



*******************************************************
*                    Server Start                     *
*          Start Time: Mon Sep 19 21:25:27 2016       *
-------------------------------------------------------
Command Line:
./lisod 2000 9000 lisod.log 
-------------------------------------------------------
Terminated by user.
-------------------------------------------------------
*           EndTime: Mon Sep 19 21:25:28 2016         *
*******************************************************




*******************************************************
*                    Server Start                     *
*          Start Time: Mon Sep 19 21:25:41 2016       *
-------------------------------------------------------
Command Line:
./lisod 2000 9000 lisod.log 
-------------------------------------------------------
Terminated by user.
-------------------------------------------------------
*           EndTime: Mon Sep 19 21:25:42 2016         *
*******************************************************




*******************************************************
*                    Server Start                     *
*          Start Time: Mon Sep 19 21:25:43 2016       *
-------------------------------------------------------
Command Line:
./lisod 2000 9000 lisod.log 
-------------------------------------------------------
Terminated by user.
-------------------------------------------------------
*           EndTime: Mon Sep 19 21:25:44 2016         *
*******************************************************




*******************************************************
*                    Server Start                     *
*          Start Time: Mon Sep 19 21:25:45 2016       *
-------------------------------------------------------
Command Line:
./lisod 2000 9000 lisod.log 
-------------------------------------------------------
Terminated by user.
-------------------------------------------------------
*           EndTime: Mon Sep 19 21:25:46 2016         *
*******************************************************




*******************************************************
*                    Server Start                     *
*          Start Time: Mon Sep 19 21:25:47 2016       *
-------------------------------------------------------
Command Line:
./lisod 2000 9000 lisod.log 
-------------------------------------------------------
Terminated by user.
-------------------------------------------------------
*           EndTime: Mon Sep 19 21:25:48 2016         *
*******************************************************




*******************************************************
*                    Server Start                     *
*          Start Time: Mon Sep 19 22:29:42 2016       *
-------------------------------------------------------
Command Line:
./lisod 2090 7114 ../tmp/lisod.log ../tmp/lisod.lock ../tmp/www ../tmp/cgi/cgi_script.py ../tmp/grader.key ../tmp/grader.crt 
-------------------------------------------------------
Terminated by user.
-------------------------------------------------------
*           EndTime: Mon Sep 19 22:29:45 2016         *
*******************************************************




*******************************************************
*                    Server Start                     *
*          Start Time: Mon Sep 19 22:33:32 2016       *
-------------------------------------------------------
Command Line:
./lisod 2090 7114 ../tmp/lisod.log ../tmp/lisod.lock ../tmp/www ../tmp/cgi/cgi_script.py ../tmp/grader.key ../tmp/grader.crt 
-------------------------------------------------------
Terminated by user.
-------------------------------------------------------
*           EndTime: Mon Sep 19 22:33:34 2016         *
*******************************************************




*******************************************************
*                    Server Start                     *
*          Start Time: Mon Sep 19 22:41:47 2016       *
-------------------------------------------------------
Command Line:
./lisod 2090 7114 ../tmp/lisod.log ../tmp/lisod.lock ../tmp/www ../tmp/cgi/cgi_script.py ../tmp/grader.key ../tmp/grader.crt 
-------------------------------------------------------
Terminated by user.
-------------------------------------------------------
*           EndTime: Mon Sep 19 22:41:48 2016         *
*******************************************************
